Arguments: 
  C:\Program Files\nodejs\node.exe C:\Users\user\AppData\Roaming\npm\node_modules\yarn\bin\yarn.js run

PATH: 
  C:\Windows\system32;C:\Windows;C:\Windows\System32\Wbem;C:\Windows\System32\WindowsPowerShell\v1.0\;C:\Program Files\Git\cmd;C:\Program Files (x86)\Brackets\command;C:\Program Files (x86)\Skype\Phone\;C:\Program Files\nodejs\;C:\Users\user\AppData\Roaming\npm;C:\Program Files\Heroku\bin;C:\Program Files\Microsoft VS Code\bin

Yarn version: 
  1.5.0

Node version: 
  9.4.0

Platform: 
  win32 x64

npm manifest: 
  {
    "name": "mern-stack-course-brad-traversy",
    "version": "1.0.0",
    "description": "",
    "main": "index.js",
    "scripts": {
      "test": "echo \"Error: no test specified\" && exit 1",
      "start": "node server.js",
      "server": "nodemon server.js"
    },
    "author": "",
    "license": "ISC",
    "dependencies": {
      "bcryptjs": "^2.4.3",
      "body-parser": "^1.18.3",
      "express": "^4.16.3",
      "gravatar": "^1.6.0",
      "jsonwebtoken": "^8.2.1",
      "mongoose": "^5.1.2",
      "passport": "^0.4.0",
      "passport-jwt": "^4.0.0",
      "validator": "^10.2.0"
    },
    "devDependencies": {
      "nodemon": "^1.17.5"
    }
  }

yarn manifest: 
  No manifest

Lockfile: 
  No lockfile

Trace: 
  Error: Command "" not found.
      at new MessageError (C:\Users\user\AppData\Roaming\npm\node_modules\yarn\lib\cli.js:186:110)
      at C:\Users\user\AppData\Roaming\npm\node_modules\yarn\lib\cli.js:87307:17
      at Generator.next (<anonymous>)
      at step (C:\Users\user\AppData\Roaming\npm\node_modules\yarn\lib\cli.js:98:30)
      at C:\Users\user\AppData\Roaming\npm\node_modules\yarn\lib\cli.js:116:14
      at new Promise (<anonymous>)
      at new F (C:\Users\user\AppData\Roaming\npm\node_modules\yarn\lib\cli.js:23451:28)
      at C:\Users\user\AppData\Roaming\npm\node_modules\yarn\lib\cli.js:95:12
      at runCommand (C:\Users\user\AppData\Roaming\npm\node_modules\yarn\lib\cli.js:87312:22)
      at C:\Users\user\AppData\Roaming\npm\node_modules\yarn\lib\cli.js:87403:18
